\BOOKMARK [0][-]{chapter*.1}{\376\377\000A\000b\000s\000t\000r\000a\000c\000t}{}% 1
\BOOKMARK [0][-]{chapter*.3}{\376\377\000L\000i\000s\000t\000\040\000o\000f\000\040\000F\000i\000g\000u\000r\000e\000s}{}% 2
\BOOKMARK [0][-]{chapter*.4}{\376\377\000L\000i\000s\000t\000\040\000o\000f\000\040\000T\000a\000b\000l\000e\000s}{}% 3
\BOOKMARK [0][-]{chapter.5}{\376\377\000I\000n\000t\000r\000o\000d\000u\000c\000t\000i\000o\000n}{}% 4
\BOOKMARK [1][-]{section.6}{\376\377\000C\000l\000o\000u\000d\000\040\000C\000o\000m\000p\000u\000t\000i\000n\000g\000\040\000a\000n\000d\000\040\000i\000t\000s\000\040\000I\000m\000p\000a\000c\000t\000\040\000o\000n\000\040\000t\000h\000e\000\040\000G\000l\000o\000b\000a\000l\000\040\000E\000n\000e\000r\000g\000y\000\040\000C\000h\000a\000l\000l\000e\000n\000g\000e}{chapter.5}% 5
\BOOKMARK [2][-]{subsection.7}{\376\377\000R\000i\000s\000e\000\040\000o\000f\000\040\000t\000h\000e\000\040\000C\000o\000n\000t\000a\000i\000n\000e\000r}{section.6}% 6
\BOOKMARK [2][-]{subsection.8}{\376\377\000T\000h\000e\000s\000i\000s\000\040\000C\000o\000n\000t\000e\000x\000t\000\040\000a\000n\000d\000\040\000M\000o\000t\000i\000v\000a\000t\000i\000o\000n}{section.6}% 7
\BOOKMARK [2][-]{subsection.9}{\376\377\000U\000s\000e\000\040\000o\000f\000\040\000A\000I\000\040\000T\000o\000o\000l\000s}{section.6}% 8
\BOOKMARK [2][-]{subsection.10}{\376\377\000C\000o\000n\000t\000a\000i\000n\000e\000r\000\040\000E\000n\000e\000r\000g\000y\000\040\000C\000o\000n\000s\000u\000m\000p\000t\000i\000o\000n\000\040\000M\000e\000a\000s\000u\000r\000e\000m\000e\000n\000t\000\040\000C\000h\000a\000l\000l\000e\000n\000g\000e\000s}{section.6}% 9
\BOOKMARK [2][-]{subsection.11}{\376\377\000S\000c\000o\000p\000e\000\040\000a\000n\000d\000\040\000R\000e\000s\000e\000a\000r\000c\000h\000\040\000Q\000u\000e\000s\000t\000i\000o\000n\000s}{section.6}% 10
\BOOKMARK [2][-]{subsection.12}{\376\377\000C\000o\000n\000t\000r\000i\000b\000u\000t\000i\000o\000n\000\040\000a\000n\000d\000\040\000S\000t\000r\000u\000c\000t\000u\000r\000e\000\040\000o\000f\000\040\000t\000h\000e\000\040\000T\000h\000e\000s\000i\000s}{section.6}% 11
\BOOKMARK [0][-]{chapter.13}{\376\377\000S\000t\000a\000t\000e\000\040\000o\000f\000\040\000t\000h\000e\000\040\000A\000r\000t\000\040\000a\000n\000d\000\040\000R\000e\000l\000a\000t\000e\000d\000\040\000R\000e\000s\000e\000a\000r\000c\000h}{}% 12
\BOOKMARK [1][-]{section.14}{\376\377\000E\000n\000e\000r\000g\000y\000\040\000C\000o\000n\000s\000u\000m\000p\000t\000i\000o\000n\000\040\000M\000e\000a\000s\000u\000r\000e\000m\000e\000n\000t\000\040\000a\000n\000d\000\040\000E\000f\000f\000i\000c\000i\000e\000n\000c\000y\000\040\000o\000n\000\040\000D\000a\000t\000a\000\040\000C\000e\000n\000t\000e\000r\000\040\000L\000e\000v\000e\000l}{chapter.13}% 13
\BOOKMARK [1][-]{section.15}{\376\377\000E\000n\000e\000r\000g\000y\000\040\000C\000o\000n\000s\000u\000m\000p\000t\000i\000o\000n\000\040\000M\000e\000a\000s\000u\000r\000e\000m\000e\000n\000t\000\040\000o\000n\000\040\000S\000e\000r\000v\000e\000r\000\040\000L\000e\000v\000e\000l}{chapter.13}% 14
\BOOKMARK [1][-]{section.17}{\376\377\000D\000i\000r\000e\000c\000t\000\040\000H\000a\000r\000d\000w\000a\000r\000e\000\040\000M\000e\000a\000s\000u\000r\000e\000m\000e\000n\000t}{chapter.13}% 15
\BOOKMARK [2][-]{subsection.18}{\376\377\000I\000n\000s\000t\000r\000u\000m\000e\000n\000t\000-\000b\000a\000s\000e\000d\000\040\000P\000o\000w\000e\000r\000\040\000D\000a\000t\000a\000\040\000A\000c\000q\000u\000i\000s\000i\000t\000i\000o\000n}{section.17}% 16
\BOOKMARK [2][-]{subsection.19}{\376\377\000D\000e\000d\000i\000c\000a\000t\000e\000d\000\040\000A\000c\000q\000u\000i\000s\000i\000t\000i\000o\000n\000\040\000S\000y\000s\000t\000e\000m\000s}{section.17}% 17
\BOOKMARK [1][-]{section.21}{\376\377\000I\000n\000-\000B\000a\000n\000d\000\040\000M\000e\000a\000s\000u\000r\000e\000m\000e\000n\000t\000\040\000T\000e\000c\000h\000n\000i\000q\000u\000e\000s}{chapter.13}% 18
\BOOKMARK [2][-]{subsection.22}{\376\377\000A\000C\000P\000I}{section.21}% 19
\BOOKMARK [2][-]{subsection.23}{\376\377\000I\000n\000t\000e\000l\000\040\000R\000A\000P\000L}{section.21}% 20
\BOOKMARK [2][-]{subsection.35}{\376\377\000G\000r\000a\000p\000h\000i\000c\000a\000l\000\040\000P\000r\000o\000c\000e\000s\000s\000i\000n\000g\000\040\000U\000n\000i\000t\000s\000\040\000\050\000G\000P\000U\000\051}{section.21}% 21
\BOOKMARK [2][-]{subsection.47}{\376\377\000S\000t\000o\000r\000a\000g\000e\000\040\000D\000e\000v\000i\000c\000e\000s}{section.21}% 22
\BOOKMARK [2][-]{subsection.48}{\376\377\000N\000e\000t\000w\000o\000r\000k\000\040\000D\000e\000v\000i\000c\000e\000s\000\040\000a\000n\000d\000\040\000O\000t\000h\000e\000r\000\040\000P\000C\000I\000e\000\040\000D\000e\000v\000i\000c\000e\000s}{section.21}% 23
\BOOKMARK [1][-]{section.49}{\376\377\000M\000o\000d\000e\000l\000-\000B\000a\000s\000e\000d\000\040\000E\000s\000t\000i\000m\000a\000t\000i\000o\000n\000\040\000T\000e\000c\000h\000n\000i\000q\000u\000e\000s}{chapter.13}% 24
\BOOKMARK [2][-]{subsection.51}{\376\377\000C\000o\000m\000p\000o\000n\000e\000n\000t\000-\000L\000e\000v\000e\000l\000\040\000P\000o\000w\000e\000r\000\040\000M\000o\000d\000e\000l\000s}{section.49}% 25
\BOOKMARK [2][-]{subsection.54}{\376\377\000C\000P\000U}{section.49}% 26
\BOOKMARK [2][-]{subsection.55}{\376\377\000M\000e\000m\000o\000r\000y}{section.49}% 27
\BOOKMARK [2][-]{subsection.56}{\376\377\000S\000t\000o\000r\000a\000g\000e\000\040\000D\000e\000v\000i\000c\000e\000s}{section.49}% 28
\BOOKMARK [2][-]{subsection.67}{\376\377\000N\000e\000t\000w\000o\000r\000k\000\040\000d\000e\000v\000i\000c\000e\000s}{section.49}% 29
\BOOKMARK [2][-]{subsection.74}{\376\377\000O\000t\000h\000e\000r\000\040\000d\000e\000v\000i\000c\000e\000s}{section.49}% 30
\BOOKMARK [2][-]{subsection.83}{\376\377\000I\000s\000s\000u\000e\000s\000\040\000w\000i\000t\000h\000\040\000m\000o\000d\000e\000l\000-\000b\000a\000s\000e\000d\000\040\000p\000o\000w\000e\000r\000\040\000e\000s\000t\000i\000m\000a\000t\000i\000o\000n\000\040\000t\000e\000c\000h\000n\000i\000q\000u\000e\000s}{section.49}% 31
\BOOKMARK [1][-]{section.84}{\376\377\000P\000o\000w\000e\000r\000\040\000M\000o\000d\000e\000l\000i\000n\000g\000\040\000b\000a\000s\000e\000d\000\040\000o\000n\000\040\000M\000a\000c\000h\000i\000n\000e\000\040\000L\000e\000a\000r\000n\000i\000n\000g\000\040\000A\000l\000g\000o\000r\000i\000t\000h\000m\000s}{chapter.13}% 32
\BOOKMARK [1][-]{section.85}{\376\377\000C\000o\000m\000p\000o\000n\000e\000n\000t\000-\000s\000p\000e\000c\000i\000f\000i\000c\000\040\000s\000u\000m\000m\000a\000r\000i\000e\000s}{chapter.13}% 33
\BOOKMARK [2][-]{subsection.86}{\376\377\000C\000P\000U}{section.85}% 34
\BOOKMARK [2][-]{subsection.88}{\376\377\000M\000e\000m\000o\000r\000y}{section.85}% 35
\BOOKMARK [2][-]{subsection.90}{\376\377\000G\000P\000U}{section.85}% 36
\BOOKMARK [2][-]{subsection.92}{\376\377\000S\000t\000o\000r\000a\000g\000e\000\040\000d\000e\000v\000i\000c\000e\000s}{section.85}% 37
\BOOKMARK [2][-]{subsection.94}{\376\377\000N\000e\000t\000w\000o\000r\000k\000\040\000d\000e\000v\000i\000c\000e\000s}{section.85}% 38
\BOOKMARK [2][-]{subsection.96}{\376\377\000O\000t\000h\000e\000r\000\040\000D\000e\000v\000i\000c\000e\000s}{section.85}% 39
\BOOKMARK [0][-]{chapter.99}{\376\377\000A\000t\000t\000r\000i\000b\000u\000t\000i\000n\000g\000\040\000P\000o\000w\000e\000r\000\040\000C\000o\000n\000s\000u\000m\000p\000t\000i\000o\000n\000\040\000t\000o\000\040\000C\000o\000n\000t\000a\000i\000n\000e\000r\000i\000z\000e\000d\000\040\000W\000o\000r\000k\000l\000o\000a\000d\000s}{}% 40
\BOOKMARK [1][-]{section.100}{\376\377\000I\000n\000t\000r\000o\000d\000u\000c\000t\000i\000o\000n\000\040\000a\000n\000d\000\040\000C\000o\000n\000t\000e\000x\000t}{chapter.99}% 41
\BOOKMARK [1][-]{section.101}{\376\377\000P\000o\000w\000e\000r\000\040\000A\000t\000t\000r\000i\000b\000u\000t\000i\000o\000n\000\040\000M\000e\000t\000h\000o\000d\000o\000l\000o\000g\000y}{chapter.99}% 42
\BOOKMARK [2][-]{subsection.102}{\376\377\000T\000h\000e\000\040\000C\000e\000n\000t\000r\000a\000l\000\040\000I\000d\000e\000a\000\040\000B\000e\000h\000i\000n\000d\000\040\000P\000o\000w\000e\000r\000\040\000A\000t\000t\000r\000i\000b\000u\000t\000i\000o\000n}{section.101}% 43
\BOOKMARK [2][-]{subsection.103}{\376\377\000A\000\040\000S\000h\000o\000r\000t\000\040\000R\000e\000c\000a\000p\000\040\000o\000f\000\040\000L\000i\000n\000u\000x\000\040\000M\000u\000l\000t\000i\000t\000a\000s\000k\000i\000n\000g\000\040\000a\000n\000d\000\040\000E\000x\000e\000c\000u\000t\000i\000o\000n\000\040\000U\000n\000i\000t\000s}{section.101}% 44
\BOOKMARK [2][-]{subsection.104}{\376\377\000R\000e\000s\000o\000u\000r\000c\000e\000\040\000U\000t\000i\000l\000i\000z\000a\000t\000i\000o\000n\000\040\000T\000r\000a\000c\000k\000i\000n\000g\000\040\000i\000n\000\040\000L\000i\000n\000u\000x\000\040\000a\000n\000d\000\040\000K\000u\000b\000e\000r\000n\000e\000t\000e\000s}{section.101}% 45
\BOOKMARK [2][-]{subsection.113}{\376\377\000T\000e\000m\000p\000o\000r\000a\000l\000\040\000G\000r\000a\000n\000u\000l\000a\000r\000i\000t\000y\000\040\000a\000n\000d\000\040\000M\000e\000a\000s\000u\000r\000e\000m\000e\000n\000t\000\040\000R\000e\000s\000o\000l\000u\000t\000i\000o\000n}{section.101}% 46
\BOOKMARK [2][-]{subsection.114}{\376\377\000C\000h\000a\000l\000l\000e\000n\000g\000e\000s}{section.101}% 47
\BOOKMARK [1][-]{section.121}{\376\377\000A\000t\000t\000r\000i\000b\000u\000t\000i\000o\000n\000\040\000P\000h\000i\000l\000o\000s\000o\000p\000h\000i\000e\000s}{chapter.99}% 48
\BOOKMARK [2][-]{subsection.122}{\376\377\000C\000o\000n\000t\000a\000i\000n\000e\000r\000-\000C\000e\000n\000t\000r\000i\000c\000\040\000A\000t\000t\000r\000i\000b\000u\000t\000i\000o\000n}{section.121}% 49
\BOOKMARK [2][-]{subsection.123}{\376\377\000S\000h\000a\000r\000e\000d\000-\000C\000o\000s\000t\000\040\000A\000t\000t\000r\000i\000b\000u\000t\000i\000o\000n}{section.121}% 50
\BOOKMARK [2][-]{subsection.124}{\376\377\000E\000x\000p\000l\000i\000c\000i\000t\000\040\000R\000e\000s\000i\000d\000u\000a\000l\000\040\000M\000o\000d\000e\000l\000i\000n\000g}{section.121}% 51
\BOOKMARK [2][-]{subsection.128}{\376\377\000U\000n\000d\000e\000r\000s\000t\000a\000n\000d\000i\000n\000g\000\040\000t\000h\000e\000\040\000D\000i\000s\000t\000i\000n\000c\000t\000i\000o\000n\000\040\000B\000e\000t\000w\000e\000e\000n\000\040\000C\000P\000U\000\040\000I\000d\000l\000i\000n\000g\000\040\000a\000n\000d\000\040\000P\000r\000o\000c\000e\000s\000s\000\040\000I\000d\000l\000i\000n\000g}{section.121}% 52
\BOOKMARK [0][-]{chapter.129}{\376\377\000E\000x\000i\000s\000t\000i\000n\000g\000\040\000A\000p\000p\000r\000o\000a\000c\000h\000e\000s\000\040\000t\000o\000\040\000C\000o\000n\000t\000a\000i\000n\000e\000r\000\040\000E\000n\000e\000r\000g\000y\000\040\000C\000o\000n\000s\000u\000m\000p\000t\000i\000o\000n\000\040\000M\000e\000a\000s\000u\000r\000e\000m\000e\000n\000t\000\040\000T\000o\000o\000l\000s}{}% 53
\BOOKMARK [1][-]{section.130}{\376\377\000I\000n\000t\000r\000o\000d\000u\000c\000t\000i\000o\000n}{chapter.129}% 54
\BOOKMARK [1][-]{section.131}{\376\377\000N\000o\000n\000-\000c\000o\000n\000t\000a\000i\000n\000e\000r\000-\000f\000o\000c\000u\000s\000e\000d\000\040\000E\000n\000e\000r\000g\000y\000\040\000M\000o\000n\000i\000t\000o\000r\000i\000n\000g\000\040\000T\000o\000o\000l\000s}{chapter.129}% 55
\BOOKMARK [2][-]{subsection.132}{\376\377\000S\000e\000r\000v\000e\000r\000-\000L\000e\000v\000e\000l\000\040\000E\000n\000e\000r\000g\000y\000\040\000M\000o\000n\000i\000t\000o\000r\000i\000n\000g}{section.131}% 56
\BOOKMARK [2][-]{subsection.143}{\376\377\000T\000e\000l\000e\000m\000e\000t\000r\000y\000-\000B\000a\000s\000e\000d\000\040\000E\000s\000t\000i\000m\000a\000t\000i\000o\000n\000\040\000F\000r\000a\000m\000e\000w\000o\000r\000k\000s}{section.131}% 57
\BOOKMARK [1][-]{section.149}{\376\377\000C\000o\000n\000t\000a\000i\000n\000e\000r\000-\000F\000o\000c\000u\000s\000e\000d\000\040\000E\000n\000e\000r\000g\000y\000\040\000A\000t\000t\000r\000i\000b\000u\000t\000i\000o\000n\000\040\000T\000o\000o\000l\000s}{chapter.129}% 58
\BOOKMARK [2][-]{subsection.150}{\376\377\000K\000e\000p\000l\000e\000r}{section.149}% 59
\BOOKMARK [2][-]{subsection.197}{\376\377\000S\000c\000a\000p\000h\000a\000n\000d\000r\000e}{section.149}% 60
\BOOKMARK [2][-]{subsection.208}{\376\377\000S\000m\000a\000r\000t\000W\000a\000t\000t\000s}{section.149}% 61
\BOOKMARK [0][-]{chapter.222}{\376\377\000C\000o\000n\000c\000l\000u\000s\000i\000o\000n\000\040\000a\000n\000d\000\040\000F\000u\000t\000u\000r\000e\000\040\000W\000o\000r\000k}{}% 62
\BOOKMARK [1][-]{section.223}{\376\377\000S\000u\000m\000m\000a\000r\000y\000\040\000o\000f\000\040\000F\000i\000n\000d\000i\000n\000g\000s}{chapter.222}% 63
\BOOKMARK [1][-]{section.224}{\376\377\000C\000r\000i\000t\000i\000c\000a\000l\000\040\000R\000e\000f\000l\000e\000c\000t\000i\000o\000n}{chapter.222}% 64
\BOOKMARK [2][-]{subsection.225}{\376\377\000M\000e\000t\000h\000o\000d\000o\000l\000o\000g\000i\000c\000a\000l\000\040\000R\000e\000f\000l\000e\000c\000t\000i\000o\000n}{section.224}% 65
\BOOKMARK [2][-]{subsection.226}{\376\377\000T\000o\000o\000l\000\040\000A\000d\000o\000p\000t\000i\000o\000n\000\040\000i\000n\000\040\000R\000e\000a\000l\000-\000W\000o\000r\000l\000d\000\040\000S\000y\000s\000t\000e\000m\000s}{section.224}% 66
\BOOKMARK [2][-]{subsection.227}{\376\377\000T\000r\000a\000n\000s\000p\000a\000r\000e\000n\000c\000y\000,\000\040\000T\000r\000u\000s\000t\000,\000\040\000a\000n\000d\000\040\000B\000l\000a\000c\000k\000-\000B\000o\000x\000\040\000M\000e\000a\000s\000u\000r\000e\000m\000e\000n\000t}{section.224}% 67
\BOOKMARK [2][-]{subsection.228}{\376\377\000E\000n\000e\000r\000g\000y\000\040\000A\000t\000t\000r\000i\000b\000u\000t\000i\000o\000n\000\040\000P\000h\000i\000l\000o\000s\000o\000p\000h\000i\000e\000s}{section.224}% 68
\BOOKMARK [1][-]{section.229}{\376\377\000R\000e\000c\000o\000m\000m\000e\000n\000d\000a\000t\000i\000o\000n\000s\000\040\000f\000o\000r\000\040\000F\000u\000t\000u\000r\000e\000\040\000T\000o\000o\000l\000\040\000D\000e\000v\000e\000l\000o\000p\000m\000e\000n\000t}{chapter.222}% 69
\BOOKMARK [2][-]{subsection.230}{\376\377\000T\000o\000w\000a\000r\000d\000s\000\040\000M\000a\000x\000i\000m\000u\000m\000-\000A\000c\000c\000u\000r\000a\000c\000y\000\040\000M\000e\000a\000s\000u\000r\000e\000m\000e\000n\000t\000\040\000T\000o\000o\000l\000s}{section.229}% 70
\BOOKMARK [2][-]{subsection.238}{\376\377\000A\000d\000d\000r\000e\000s\000s\000i\000n\000g\000\040\000M\000i\000s\000s\000i\000n\000g\000\040\000D\000o\000m\000a\000i\000n\000s\000:\000\040\000D\000i\000s\000k\000,\000\040\000N\000e\000t\000w\000o\000r\000k\000,\000\040\000a\000n\000d\000\040\000O\000t\000h\000e\000r\000s}{section.229}% 71
\BOOKMARK [2][-]{subsection.243}{\376\377\000B\000a\000l\000a\000n\000c\000i\000n\000g\000\040\000A\000c\000c\000u\000r\000a\000c\000y\000\040\000a\000n\000d\000\040\000O\000v\000e\000r\000h\000e\000a\000d}{section.229}% 72
\BOOKMARK [2][-]{subsection.247}{\376\377\000S\000u\000p\000p\000o\000r\000t\000i\000n\000g\000\040\000M\000u\000l\000t\000i\000p\000l\000e\000\040\000U\000s\000e\000r\000\040\000R\000o\000l\000e\000s\000\040\000a\000n\000d\000\040\000N\000e\000e\000d\000s}{section.229}% 73
\BOOKMARK [2][-]{subsection.252}{\376\377\000E\000n\000e\000r\000g\000y\000\040\000M\000e\000t\000r\000i\000c\000s\000\040\000f\000o\000r\000\040\000V\000i\000r\000t\000u\000a\000l\000i\000z\000e\000d\000\040\000E\000n\000v\000i\000r\000o\000n\000m\000e\000n\000t\000s}{section.229}% 74
\BOOKMARK [2][-]{subsection.256}{\376\377\000S\000t\000a\000n\000d\000a\000r\000d\000i\000z\000a\000t\000i\000o\000n\000\040\000a\000n\000d\000\040\000H\000a\000r\000d\000w\000a\000r\000e\000\040\000V\000e\000n\000d\000o\000r\000\040\000T\000r\000a\000n\000s\000p\000a\000r\000e\000n\000c\000y}{section.229}% 75
\BOOKMARK [1][-]{section.260}{\376\377\000B\000r\000o\000a\000d\000e\000r\000\040\000R\000e\000s\000e\000a\000r\000c\000h\000\040\000a\000n\000d\000\040\000I\000n\000d\000u\000s\000t\000r\000y\000\040\000O\000p\000p\000o\000r\000t\000u\000n\000i\000t\000i\000e\000s}{chapter.222}% 76
\BOOKMARK [1][-]{section.264}{\376\377\000C\000l\000o\000s\000i\000n\000g\000\040\000R\000e\000m\000a\000r\000k\000s}{chapter.222}% 77
\BOOKMARK [0][-]{appendix*.265}{\376\377\000B\000i\000b\000l\000i\000o\000g\000r\000a\000p\000h\000y}{}% 78
