\BOOKMARK [0][-]{chapter*.1}{\376\377\000A\000b\000s\000t\000r\000a\000c\000t}{}% 1
\BOOKMARK [0][-]{chapter.3}{\376\377\000I\000n\000t\000r\000o\000d\000u\000c\000t\000i\000o\000n\000\040\000a\000n\000d\000\040\000C\000o\000n\000t\000e\000x\000t}{}% 2
\BOOKMARK [1][-]{section.4}{\376\377\000S\000i\000g\000n\000i\000f\000i\000c\000a\000n\000c\000e\000\040\000o\000f\000\040\000E\000n\000e\000r\000g\000y\000\040\000E\000f\000f\000i\000c\000i\000e\000n\000c\000y\000\040\000i\000n\000\040\000C\000l\000o\000u\000d\000\040\000C\000o\000m\000p\000u\000t\000i\000n\000g}{chapter.3}% 3
\BOOKMARK [1][-]{section.5}{\376\377\000T\000h\000e\000\040\000N\000e\000e\000d\000\040\000f\000o\000r\000\040\000E\000n\000e\000r\000g\000y\000-\000E\000f\000f\000i\000c\000i\000e\000n\000t\000\040\000K\000u\000b\000e\000r\000n\000e\000t\000e\000s\000\040\000C\000l\000u\000s\000t\000e\000r\000s}{chapter.3}% 4
\BOOKMARK [1][-]{section.6}{\376\377\000O\000b\000j\000e\000c\000t\000i\000v\000e\000s\000\040\000a\000n\000d\000\040\000S\000c\000o\000p\000e\000\040\000o\000f\000\040\000t\000h\000i\000s\000\040\000T\000h\000e\000s\000i\000s}{chapter.3}% 5
\BOOKMARK [2][-]{subsection.7}{\376\377\000C\000o\000n\000t\000e\000x\000t}{section.6}% 6
\BOOKMARK [2][-]{subsection.8}{\376\377\000S\000c\000o\000p\000e}{section.6}% 7
\BOOKMARK [2][-]{subsection.9}{\376\377\000O\000b\000j\000e\000c\000t\000i\000v\000e\000s}{section.6}% 8
\BOOKMARK [2][-]{subsection.14}{\376\377\000U\000s\000e\000\040\000o\000f\000\040\000A\000I\000\040\000T\000o\000o\000l\000s}{section.6}% 9
\BOOKMARK [2][-]{subsection.15}{\376\377\000P\000r\000o\000j\000e\000c\000t\000\040\000R\000e\000p\000o\000s\000i\000t\000o\000r\000y}{section.6}% 10
\BOOKMARK [0][-]{chapter.16}{\376\377\000A\000r\000c\000h\000i\000t\000e\000c\000t\000u\000r\000e\000\040\000a\000n\000d\000\040\000D\000e\000s\000i\000g\000n}{}% 11
\BOOKMARK [1][-]{section.17}{\376\377\000O\000v\000e\000r\000v\000i\000e\000w\000\040\000o\000f\000\040\000T\000e\000s\000t\000\040\000E\000n\000v\000i\000r\000o\000n\000m\000e\000n\000t}{chapter.16}% 12
\BOOKMARK [2][-]{subsection.19}{\376\377\000H\000a\000r\000d\000w\000a\000r\000e\000\040\000a\000n\000d\000\040\000N\000e\000t\000w\000o\000r\000k}{section.17}% 13
\BOOKMARK [1][-]{section.22}{\376\377\000K\000e\000y\000\040\000T\000e\000c\000h\000n\000o\000l\000o\000g\000i\000e\000s}{chapter.16}% 14
\BOOKMARK [2][-]{subsection.23}{\376\377\000U\000b\000u\000n\000t\000u}{section.22}% 15
\BOOKMARK [2][-]{subsection.24}{\376\377\000B\000a\000r\000e\000-\000M\000e\000t\000a\000l\000\040\000K\0003\000s}{section.22}% 16
\BOOKMARK [2][-]{subsection.25}{\376\377\000A\000n\000s\000i\000b\000l\000e\000,\000\040\000H\000e\000l\000m\000,\000\040\000K\000u\000b\000e\000c\000t\000l}{section.22}% 17
\BOOKMARK [2][-]{subsection.26}{\376\377\000K\000u\000b\000e\000-\000P\000r\000o\000m\000e\000t\000h\000e\000u\000s\000\040\000S\000t\000a\000c\000k}{section.22}% 18
\BOOKMARK [2][-]{subsection.30}{\376\377\000K\000E\000P\000L\000E\000R}{section.22}% 19
\BOOKMARK [1][-]{section.33}{\376\377\000A\000r\000c\000h\000i\000t\000e\000c\000t\000u\000r\000e\000\040\000a\000n\000d\000\040\000D\000e\000s\000i\000g\000n}{chapter.16}% 20
\BOOKMARK [2][-]{subsection.34}{\376\377\000K\000u\000b\000e\000r\000n\000e\000t\000e\000s\000\040\000C\000l\000u\000s\000t\000e\000r\000\040\000D\000e\000s\000i\000g\000n}{section.33}% 21
\BOOKMARK [2][-]{subsection.35}{\376\377\000P\000e\000r\000s\000i\000s\000t\000e\000n\000t\000\040\000S\000t\000o\000r\000a\000g\000e}{section.33}% 22
\BOOKMARK [2][-]{subsection.36}{\376\377\000M\000o\000n\000i\000t\000o\000r\000i\000n\000g\000\040\000A\000r\000c\000h\000i\000t\000e\000c\000t\000u\000r\000e}{section.33}% 23
\BOOKMARK [2][-]{subsection.37}{\376\377\000M\000e\000t\000r\000i\000c\000s\000\040\000C\000o\000l\000l\000e\000c\000t\000i\000o\000n\000\040\000a\000n\000d\000\040\000S\000t\000o\000r\000a\000g\000e}{section.33}% 24
\BOOKMARK [2][-]{subsection.39}{\376\377\000R\000e\000p\000o\000s\000i\000t\000o\000r\000y\000\040\000S\000t\000r\000u\000c\000t\000u\000r\000e}{section.33}% 25
\BOOKMARK [2][-]{subsection.43}{\376\377\000A\000u\000t\000o\000m\000a\000t\000i\000o\000n\000\040\000A\000r\000c\000h\000i\000t\000e\000c\000t\000u\000r\000e}{section.33}% 26
\BOOKMARK [1][-]{section.48}{\376\377\000K\000E\000P\000L\000E\000R\000\040\000A\000r\000c\000h\000i\000t\000e\000c\000t\000u\000r\000e\000\040\000a\000n\000d\000\040\000M\000e\000t\000r\000i\000c\000s\000\040\000C\000o\000l\000l\000e\000c\000t\000i\000o\000n}{chapter.16}% 27
\BOOKMARK [2][-]{subsection.49}{\376\377\000K\000E\000P\000L\000E\000R\000\040\000C\000o\000m\000p\000o\000n\000e\000n\000t\000s}{section.48}% 28
\BOOKMARK [2][-]{subsection.52}{\376\377\000K\000E\000P\000L\000E\000R\000\040\000D\000a\000t\000a\000\040\000C\000o\000l\000l\000e\000c\000t\000i\000o\000n}{section.48}% 29
\BOOKMARK [2][-]{subsection.60}{\376\377\000K\000E\000P\000L\000E\000R\000\040\000P\000o\000w\000e\000r\000\040\000M\000o\000d\000e\000l}{section.48}% 30
\BOOKMARK [2][-]{subsection.61}{\376\377\000M\000e\000t\000r\000i\000c\000s\000\040\000p\000r\000o\000d\000u\000c\000e\000d\000\040\000b\000y\000\040\000K\000E\000P\000L\000E\000R}{section.48}% 31
\BOOKMARK [0][-]{chapter.64}{\376\377\000I\000m\000p\000l\000e\000m\000e\000n\000t\000a\000t\000i\000o\000n}{}% 32
\BOOKMARK [1][-]{section.65}{\376\377\000K\0003\000s\000\040\000I\000n\000s\000t\000a\000l\000l\000a\000t\000i\000o\000n}{chapter.64}% 33
\BOOKMARK [2][-]{subsection.66}{\376\377\000P\000r\000e\000p\000a\000r\000i\000n\000g\000\040\000t\000h\000e\000\040\000N\000o\000d\000e\000s}{section.65}% 34
\BOOKMARK [2][-]{subsection.67}{\376\377\000K\0003\000s\000\040\000I\000n\000s\000t\000a\000l\000l\000a\000t\000i\000o\000n\000\040\000w\000i\000t\000h\000\040\000A\000n\000s\000i\000b\000l\000e}{section.65}% 35
\BOOKMARK [1][-]{section.70}{\376\377\000N\000F\000S\000\040\000I\000n\000s\000t\000a\000l\000l\000a\000t\000i\000o\000n\000\040\000a\000n\000d\000\040\000S\000e\000t\000u\000p}{chapter.64}% 36
\BOOKMARK [2][-]{subsection.71}{\376\377\000N\000F\000S\000\040\000I\000n\000s\000t\000a\000l\000l\000a\000t\000i\000o\000n\000\040\000w\000i\000t\000h\000\040\000A\000n\000s\000i\000b\000l\000e}{section.70}% 37
\BOOKMARK [1][-]{section.73}{\376\377\000R\000a\000n\000c\000h\000e\000r\000\040\000I\000n\000s\000t\000a\000l\000l\000a\000t\000i\000o\000n\000\040\000a\000n\000d\000\040\000S\000e\000t\000u\000p}{chapter.64}% 38
\BOOKMARK [2][-]{subsection.74}{\376\377\000R\000a\000n\000c\000h\000e\000r\000\040\000I\000n\000s\000t\000a\000l\000l\000a\000t\000i\000o\000n\000\040\000w\000i\000t\000h\000\040\000A\000n\000s\000i\000b\000l\000e\000\040\000a\000n\000d\000\040\000H\000e\000l\000m}{section.73}% 39
\BOOKMARK [1][-]{section.75}{\376\377\000M\000o\000n\000i\000t\000o\000r\000i\000n\000g\000\040\000S\000t\000a\000c\000k\000\040\000I\000n\000s\000t\000a\000l\000l\000a\000t\000i\000o\000n\000\040\000a\000n\000d\000\040\000S\000e\000t\000u\000p\000\040\000w\000i\000t\000h\000\040\000A\000n\000s\000i\000b\000l\000e}{chapter.64}% 40
\BOOKMARK [2][-]{subsection.76}{\376\377\000P\000r\000o\000m\000e\000t\000h\000e\000u\000s\000\040\000a\000n\000d\000\040\000G\000r\000a\000f\000a\000n\000a\000\040\000I\000n\000s\000t\000a\000l\000l\000a\000t\000i\000o\000n\000\040\000w\000i\000t\000h\000\040\000A\000n\000s\000i\000b\000l\000e\000\040\000a\000n\000d\000\040\000H\000e\000l\000m}{section.75}% 41
\BOOKMARK [2][-]{subsection.77}{\376\377\000R\000e\000m\000o\000v\000a\000l\000\040\000P\000l\000a\000y\000b\000o\000o\000k}{section.75}% 42
\BOOKMARK [1][-]{section.78}{\376\377\000K\000E\000P\000L\000E\000R\000\040\000I\000n\000s\000t\000a\000l\000l\000a\000t\000i\000o\000n\000\040\000a\000n\000d\000\040\000S\000e\000t\000u\000p\000\040\000w\000i\000t\000h\000\040\000A\000n\000s\000i\000b\000l\000e\000\040\000a\000n\000d\000\040\000H\000e\000l\000m}{chapter.64}% 43
\BOOKMARK [2][-]{subsection.79}{\376\377\000P\000r\000e\000p\000a\000r\000i\000n\000g\000\040\000t\000h\000e\000\040\000E\000n\000v\000i\000r\000o\000n\000m\000e\000n\000t}{section.78}% 44
\BOOKMARK [2][-]{subsection.82}{\376\377\000K\000E\000P\000L\000E\000R\000\040\000D\000e\000p\000l\000o\000y\000m\000e\000n\000t\000\040\000w\000i\000t\000h\000\040\000A\000n\000s\000i\000b\000l\000e\000\040\000a\000n\000d\000\040\000H\000e\000l\000m}{section.78}% 45
\BOOKMARK [2][-]{subsection.83}{\376\377\000V\000e\000r\000i\000f\000y\000i\000n\000g\000\040\000K\000E\000P\000L\000E\000R\000\040\000M\000e\000t\000r\000i\000c\000s}{section.78}% 46
\BOOKMARK [0][-]{chapter.119}{\376\377\000T\000e\000s\000t\000\040\000P\000r\000o\000c\000e\000d\000u\000r\000e}{}% 47
\BOOKMARK [1][-]{section.120}{\376\377\000T\000e\000s\000t\000\040\000S\000e\000t\000u\000p}{chapter.119}% 48
\BOOKMARK [2][-]{subsection.121}{\376\377\000B\000e\000n\000c\000h\000m\000a\000r\000k\000i\000n\000g\000\040\000P\000o\000d}{section.120}% 49
\BOOKMARK [2][-]{subsection.122}{\376\377\000T\000e\000s\000t\000i\000n\000g\000\040\000P\000o\000d\000s}{section.120}% 50
\BOOKMARK [2][-]{subsection.123}{\376\377\000D\000i\000s\000k\000\040\000F\000o\000r\000m\000a\000t\000t\000i\000n\000g\000\040\000a\000n\000d\000\040\000M\000o\000u\000n\000t\000i\000n\000g}{section.120}% 51
\BOOKMARK [1][-]{section.124}{\376\377\000T\000e\000s\000t\000\040\000P\000r\000o\000c\000e\000d\000u\000r\000e}{chapter.119}% 52
\BOOKMARK [2][-]{subsection.125}{\376\377\000C\000P\000U\000\040\000S\000t\000r\000e\000s\000s\000\040\000T\000e\000s\000t}{section.124}% 53
\BOOKMARK [2][-]{subsection.126}{\376\377\000M\000e\000m\000o\000r\000y\000\040\000S\000t\000r\000e\000s\000s\000\040\000T\000e\000s\000t}{section.124}% 54
\BOOKMARK [2][-]{subsection.127}{\376\377\000D\000i\000s\000k\000\040\000I\000/\000O\000\040\000S\000t\000r\000e\000s\000s\000\040\000T\000e\000s\000t}{section.124}% 55
\BOOKMARK [2][-]{subsection.128}{\376\377\000N\000e\000t\000w\000o\000r\000k\000\040\000I\000/\000O\000\040\000S\000t\000r\000e\000s\000s\000\040\000T\000e\000s\000t}{section.124}% 56
\BOOKMARK [1][-]{section.129}{\376\377\000D\000a\000t\000a\000\040\000A\000n\000a\000l\000y\000s\000i\000s}{chapter.119}% 57
\BOOKMARK [2][-]{subsection.130}{\376\377\000D\000a\000t\000a\000\040\000Q\000u\000e\000r\000y\000i\000n\000g}{section.129}% 58
\BOOKMARK [2][-]{subsection.131}{\376\377\000D\000i\000a\000g\000r\000a\000m\000s}{section.129}% 59
\BOOKMARK [0][-]{chapter.132}{\376\377\000T\000e\000s\000t\000\040\000R\000e\000s\000u\000l\000t\000s}{}% 60
\BOOKMARK [1][-]{section.133}{\376\377\000C\000P\000U\000\040\000S\000t\000r\000e\000s\000s\000\040\000T\000e\000s\000t\000\040\000R\000e\000s\000u\000l\000t\000s}{chapter.132}% 61
\BOOKMARK [2][-]{subsection.134}{\376\377\000C\000o\000n\000t\000a\000i\000n\000e\000r\000-\000L\000e\000v\000e\000l\000\040\000M\000e\000t\000r\000i\000c\000s\000\040\000D\000u\000r\000i\000n\000g\000\040\000a\000\040\000C\000P\000U\000\040\000S\000t\000r\000e\000s\000s\000\040\000T\000e\000s\000t}{section.133}% 62
\BOOKMARK [2][-]{subsection.138}{\376\377\000N\000o\000d\000e\000-\000L\000e\000v\000e\000l\000\040\000m\000e\000t\000r\000i\000c\000s\000\040\000d\000u\000r\000i\000n\000g\000\040\000a\000\040\000C\000P\000U\000\040\000s\000t\000r\000e\000s\000s\000\040\000t\000e\000s\000t}{section.133}% 63
\BOOKMARK [2][-]{subsection.140}{\376\377\000O\000v\000e\000r\000a\000l\000l\000\040\000C\000o\000n\000c\000l\000u\000s\000i\000o\000n\000s}{section.133}% 64
\BOOKMARK [1][-]{section.141}{\376\377\000M\000e\000m\000o\000r\000y\000\040\000S\000t\000r\000e\000s\000s\000\040\000T\000e\000s\000t\000\040\000R\000e\000s\000u\000l\000t\000s}{chapter.132}% 65
\BOOKMARK [2][-]{subsection.142}{\376\377\000C\000o\000n\000t\000a\000i\000n\000e\000r\000-\000L\000e\000v\000e\000l\000\040\000M\000e\000t\000r\000i\000c\000s\000\040\000D\000u\000r\000i\000n\000g\000\040\000a\000\040\000M\000e\000m\000o\000r\000y\000\040\000S\000t\000r\000e\000s\000s\000\040\000T\000e\000s\000t}{section.141}% 66
\BOOKMARK [2][-]{subsection.144}{\376\377\000N\000o\000d\000e\000-\000L\000e\000v\000e\000l\000\040\000M\000e\000t\000r\000i\000c\000s\000\040\000D\000u\000r\000i\000n\000g\000\040\000a\000\040\000M\000e\000m\000o\000r\000y\000\040\000S\000t\000r\000e\000s\000s\000\040\000T\000e\000s\000t}{section.141}% 67
\BOOKMARK [2][-]{subsection.146}{\376\377\000O\000v\000e\000r\000a\000l\000l\000\040\000C\000o\000n\000c\000l\000u\000s\000i\000o\000n\000s}{section.141}% 68
\BOOKMARK [1][-]{section.147}{\376\377\000D\000i\000s\000k\000\040\000I\000/\000O\000\040\000S\000t\000r\000e\000s\000s\000\040\000T\000e\000s\000t\000\040\000R\000e\000s\000u\000l\000t\000s}{chapter.132}% 69
\BOOKMARK [2][-]{subsection.148}{\376\377\000C\000o\000n\000t\000a\000i\000n\000e\000r\000-\000L\000e\000v\000e\000l\000\040\000M\000e\000t\000r\000i\000c\000s\000\040\000D\000u\000r\000i\000n\000g\000\040\000a\000\040\000D\000i\000s\000k\000\040\000I\000/\000O\000\040\000S\000t\000r\000e\000s\000s\000\040\000T\000e\000s\000t}{section.147}% 70
\BOOKMARK [2][-]{subsection.152}{\376\377\000N\000o\000d\000e\000-\000L\000e\000v\000e\000l\000\040\000M\000e\000t\000r\000i\000c\000s\000\040\000D\000u\000r\000i\000n\000g\000\040\000a\000\040\000D\000i\000s\000k\000\040\000I\000/\000O\000\040\000S\000t\000r\000e\000s\000s\000\040\000T\000e\000s\000t}{section.147}% 71
\BOOKMARK [2][-]{subsection.154}{\376\377\000O\000v\000e\000r\000a\000l\000l\000\040\000C\000o\000n\000c\000l\000u\000s\000i\000o\000n\000s}{section.147}% 72
\BOOKMARK [1][-]{section.155}{\376\377\000N\000e\000t\000w\000o\000r\000k\000\040\000I\000/\000O\000\040\000S\000t\000r\000e\000s\000s\000\040\000T\000e\000s\000t\000\040\000R\000e\000s\000u\000l\000t\000s}{chapter.132}% 73
\BOOKMARK [2][-]{subsection.156}{\376\377\000C\000o\000n\000t\000a\000i\000n\000e\000r\000-\000L\000e\000v\000e\000l\000\040\000M\000e\000t\000r\000i\000c\000s\000\040\000D\000u\000r\000i\000n\000g\000\040\000a\000\040\000N\000e\000t\000w\000o\000r\000k\000\040\000I\000/\000O\000\040\000S\000t\000r\000e\000s\000s\000\040\000T\000e\000s\000t}{section.155}% 74
\BOOKMARK [2][-]{subsection.160}{\376\377\000N\000o\000d\000e\000-\000L\000e\000v\000e\000l\000\040\000M\000e\000t\000r\000i\000c\000s\000\040\000D\000u\000r\000i\000n\000g\000\040\000a\000\040\000N\000e\000t\000w\000o\000r\000k\000\040\000I\000/\000O\000\040\000S\000t\000r\000e\000s\000s\000\040\000T\000e\000s\000t}{section.155}% 75
\BOOKMARK [2][-]{subsection.162}{\376\377\000O\000v\000e\000r\000a\000l\000l\000\040\000C\000o\000n\000c\000l\000u\000s\000i\000o\000n\000s}{section.155}% 76
\BOOKMARK [0][-]{chapter.163}{\376\377\000D\000i\000s\000c\000u\000s\000s\000i\000o\000n}{}% 77
\BOOKMARK [1][-]{section.164}{\376\377\000C\000o\000n\000c\000l\000u\000s\000i\000o\000n\000\040\000a\000n\000d\000\040\000E\000v\000a\000l\000u\000a\000t\000i\000o\000n}{chapter.163}% 78
\BOOKMARK [2][-]{subsection.165}{\376\377\000E\000v\000a\000l\000u\000a\000t\000i\000o\000n\000\040\000o\000f\000\040\000C\000l\000u\000s\000t\000e\000r\000\040\000S\000e\000t\000u\000p}{section.164}% 79
\BOOKMARK [2][-]{subsection.166}{\376\377\000E\000v\000a\000l\000u\000a\000t\000i\000o\000n\000\040\000o\000f\000\040\000M\000o\000n\000i\000t\000o\000r\000i\000n\000g\000\040\000S\000e\000t\000u\000p}{section.164}% 80
\BOOKMARK [2][-]{subsection.167}{\376\377\000E\000v\000a\000l\000u\000a\000t\000i\000o\000n\000\040\000o\000f\000\040\000K\000E\000P\000L\000E\000R}{section.164}% 81
\BOOKMARK [2][-]{subsection.169}{\376\377\000C\000r\000e\000d\000i\000b\000l\000e\000\040\000T\000a\000k\000e\000a\000w\000a\000y\000s\000\040\000f\000r\000o\000m\000\040\000t\000h\000e\000\040\000t\000e\000s\000t\000\040\000r\000e\000s\000u\000l\000t\000s}{section.164}% 82
\BOOKMARK [1][-]{section.170}{\376\377\000F\000u\000t\000u\000r\000e\000\040\000W\000o\000r\000k}{chapter.163}% 83
\BOOKMARK [2][-]{subsection.171}{\376\377\000D\000e\000t\000a\000i\000l\000e\000d\000\040\000A\000n\000a\000l\000y\000s\000i\000s\000\040\000o\000f\000\040\000K\000E\000P\000L\000E\000R}{section.170}% 84
\BOOKMARK [2][-]{subsection.172}{\376\377\000K\000E\000P\000L\000E\000R\000\040\000m\000e\000t\000r\000i\000c\000s\000\040\000v\000e\000r\000i\000f\000i\000c\000a\000t\000i\000o\000n\000\040\000t\000h\000r\000o\000u\000g\000h\000\040\000e\000l\000a\000b\000o\000r\000a\000t\000e\000\040\000t\000e\000s\000t\000s\000,\000\040\000p\000o\000s\000s\000i\000b\000l\000y\000\040\000u\000s\000i\000n\000g\000\040\000m\000e\000a\000s\000u\000r\000i\000n\000g\000\040\000h\000a\000r\000d\000w\000a\000r\000e}{section.170}% 85
\BOOKMARK [2][-]{subsection.173}{\376\377\000K\000u\000b\000e\000r\000n\000e\000t\000e\000s\000\040\000C\000l\000u\000s\000t\000e\000r\000\040\000E\000n\000e\000r\000g\000y\000\040\000E\000f\000f\000i\000c\000i\000e\000n\000c\000y\000\040\000O\000p\000t\000i\000m\000i\000z\000a\000t\000i\000o\000n}{section.170}% 86
\BOOKMARK [1][-]{section.174}{\376\377\000F\000i\000n\000a\000l\000\040\000C\000o\000n\000c\000l\000u\000s\000i\000o\000n}{chapter.163}% 87
\BOOKMARK [0][-]{appendix.175}{\376\377\000K\000E\000P\000L\000E\000R\000-\000p\000r\000o\000v\000i\000d\000e\000d\000\040\000p\000o\000w\000e\000r\000\040\000m\000e\000t\000r\000i\000c\000s}{}% 88
\BOOKMARK [1][-]{section.176}{\376\377\000S\000u\000m\000m\000a\000r\000y\000\040\000o\000f\000\040\000K\000E\000P\000L\000E\000R\000-\000P\000r\000o\000d\000u\000c\000e\000d\000\040\000M\000e\000t\000r\000i\000c\000s\000,\000\040\000\040\000a\000c\000c\000o\000r\000d\000i\000n\000g\000\040\000t\000o\000\040\000K\000E\000P\000L\000E\000R\000\040\000d\000o\000c\000u\000m\000e\000n\000t\000a\000t\000i\000o\000n\000K\000E\000P\000L\000E\000R\000D\000o\000c\000u\000m\000e\000n\000t\000a\000t\000i\000o\000n}{appendix.175}% 89
\BOOKMARK [2][-]{subsection.177}{\376\377\000C\000o\000n\000t\000a\000i\000n\000e\000r\000-\000L\000e\000v\000e\000l\000\040\000M\000e\000t\000r\000i\000c\000s}{section.176}% 90
\BOOKMARK [2][-]{subsection.180}{\376\377\000N\000o\000d\000e\000-\000L\000e\000v\000e\000l\000\040\000M\000e\000t\000r\000i\000c\000s}{section.176}% 91
